# JRE version: OpenJDK Runtime Environment (21.0.9) (build 21.0.9+-14787801-b1163.94)
# Java VM: OpenJDK 64-Bit Server VM (21.0.9+-14787801-b1163.94, mixed mode, tiered, compressed oops, compressed class ptrs, g1 gc, windows-amd64)
GC Precious Log:
 CardTable entry size: 512
 Card Set container configuration: InlinePtr #cards 5 size 8 Array Of Cards #cards 12 size 40 Howl #buckets 4 coarsen threshold 1843 Howl Bitmap #cards 512 size 80 coarsen threshold 460 Card regions per heap region 1 cards per card region 2048
 CPUs: 8 total, 8 available
 Memory: 7455M
 Large Page Support: Disabled
 NUMA Support: Disabled
 Compressed Oops: Enabled (32-bit)
 Heap Region Size: 1M
 Heap Min Capacity: 8M
 Heap Initial Capacity: 118M
 Heap Max Capacity: 2G
 Pre-touch: Disabled
 Parallel Workers: 8
 Concurrent Workers: 2
 Concurrent Refinement Workers: 8
 Periodic GC: Disabled
Heap:
 garbage-first heap   total 188416K, used 136310K [0x0000000080000000, 0x0000000100000000)
  region size 1024K, 28 young (28672K), 8 survivors (8192K)
 Metaspace       used 94548K, committed 96768K, reserved 1179648K
  class space    used 13287K, committed 14336K, reserved 1048576K
GC Heap History (20 events):
Event: 61.375 GC heap before
{Heap before GC invocations=39 (full 0):
 garbage-first heap   total 145408K, used 133456K [0x0000000080000000, 0x0000000100000000)
  region size 1024K, 51 young (52224K), 5 survivors (5120K)
 Metaspace       used 73917K, committed 75904K, reserved 1114112K
  class space    used 10500K, committed 11456K, reserved 1048576K
}
Event: 61.381 GC heap after
{Heap after GC invocations=40 (full 0):
 garbage-first heap   total 145408K, used 87045K [0x0000000080000000, 0x0000000100000000)
  region size 1024K, 4 young (4096K), 4 survivors (4096K)
 Metaspace       used 73917K, committed 75904K, reserved 1114112K
  class space    used 10500K, committed 11456K, reserved 1048576K
}
Event: 61.667 GC heap before
{Heap before GC invocations=40 (full 0):
 garbage-first heap   total 145408K, used 135173K [0x0000000080000000, 0x0000000100000000)
  region size 1024K, 51 young (52224K), 4 survivors (4096K)
 Metaspace       used 73917K, committed 75904K, reserved 1114112K
  class space    used 10500K, committed 11456K, reserved 1048576K
}
Event: 61.693 GC heap after
{Heap after GC invocations=41 (full 0):
 garbage-first heap   total 145408K, used 86856K [0x0000000080000000, 0x0000000100000000)
  region size 1024K, 4 young (4096K), 4 survivors (4096K)
 Metaspace       used 73917K, committed 75904K, reserved 1114112K
  class space    used 10500K, committed 11456K, reserved 1048576K
}
Event: 62.224 GC heap before
{Heap before GC invocations=41 (full 0):
 garbage-first heap   total 145408K, used 107336K [0x0000000080000000, 0x0000000100000000)
  region size 1024K, 25 young (25600K), 4 survivors (4096K)
 Metaspace       used 74056K, committed 76032K, reserved 1114112K
  class space    used 10518K, committed 11456K, reserved 1048576K
}
Event: 62.232 GC heap after
{Heap after GC invocations=42 (full 0):
 garbage-first heap   total 145408K, used 87682K [0x0000000080000000, 0x0000000100000000)
  region size 1024K, 4 young (4096K), 4 survivors (4096K)
 Metaspace       used 74056K, committed 76032K, reserved 1114112K
  class space    used 10518K, committed 11456K, reserved 1048576K
}
Event: 67.681 GC heap before
{Heap before GC invocations=43 (full 0):
 garbage-first heap   total 148480K, used 147074K [0x0000000080000000, 0x0000000100000000)
  region size 1024K, 52 young (53248K), 4 survivors (4096K)
 Metaspace       used 76432K, committed 78464K, reserved 1179648K
  class space    used 10819K, committed 11776K, reserved 1048576K
}
Event: 67.688 GC heap after
{Heap after GC invocations=44 (full 0):
 garbage-first heap   total 156672K, used 102320K [0x0000000080000000, 0x0000000100000000)
  region size 1024K, 7 young (7168K), 7 survivors (7168K)
 Metaspace       used 76432K, committed 78464K, reserved 1179648K
  class space    used 10819K, committed 11776K, reserved 1048576K
}
Event: 71.176 GC heap before
{Heap before GC invocations=44 (full 0):
 garbage-first heap   total 156672K, used 146352K [0x0000000080000000, 0x0000000100000000)
  region size 1024K, 50 young (51200K), 7 survivors (7168K)
 Metaspace       used 80256K, committed 82304K, reserved 1179648K
  class space    used 11266K, committed 12288K, reserved 1048576K
}
Event: 71.194 GC heap after
{Heap after GC invocations=45 (full 0):
 garbage-first heap   total 157696K, used 103660K [0x0000000080000000, 0x0000000100000000)
  region size 1024K, 2 young (2048K), 2 survivors (2048K)
 Metaspace       used 80256K, committed 82304K, reserved 1179648K
  class space    used 11266K, committed 12288K, reserved 1048576K
}
Event: 74.021 GC heap before
{Heap before GC invocations=45 (full 0):
 garbage-first heap   total 157696K, used 126188K [0x0000000080000000, 0x0000000100000000)
  region size 1024K, 25 young (25600K), 2 survivors (2048K)
 Metaspace       used 83128K, committed 85248K, reserved 1179648K
  class space    used 11704K, committed 12736K, reserved 1048576K
}
Event: 74.031 GC heap after
{Heap after GC invocations=46 (full 0):
 garbage-first heap   total 157696K, used 105908K [0x0000000080000000, 0x0000000100000000)
  region size 1024K, 4 young (4096K), 4 survivors (4096K)
 Metaspace       used 83128K, committed 85248K, reserved 1179648K
  class space    used 11704K, committed 12736K, reserved 1048576K
}
Event: 76.951 GC heap before
{Heap before GC invocations=47 (full 0):
 garbage-first heap   total 184320K, used 153012K [0x0000000080000000, 0x0000000100000000)
  region size 1024K, 45 young (46080K), 4 survivors (4096K)
 Metaspace       used 84883K, committed 87040K, reserved 1179648K
  class space    used 11952K, committed 12992K, reserved 1048576K
}
Event: 77.003 GC heap after
{Heap after GC invocations=48 (full 0):
 garbage-first heap   total 184320K, used 110467K [0x0000000080000000, 0x0000000100000000)
  region size 1024K, 6 young (6144K), 6 survivors (6144K)
 Metaspace       used 84883K, committed 87040K, reserved 1179648K
  class space    used 11952K, committed 12992K, reserved 1048576K
}
Event: 81.518 GC heap before
{Heap before GC invocations=48 (full 0):
 garbage-first heap   total 184320K, used 163715K [0x0000000080000000, 0x0000000100000000)
  region size 1024K, 58 young (59392K), 6 survivors (6144K)
 Metaspace       used 88601K, committed 90688K, reserved 1179648K
  class space    used 12459K, committed 13440K, reserved 1048576K
}
Event: 81.528 GC heap after
{Heap after GC invocations=49 (full 0):
 garbage-first heap   total 184320K, used 111151K [0x0000000080000000, 0x0000000100000000)
  region size 1024K, 3 young (3072K), 3 survivors (3072K)
 Metaspace       used 88601K, committed 90688K, reserved 1179648K
  class space    used 12459K, committed 13440K, reserved 1048576K
}
Event: 84.671 GC heap before
{Heap before GC invocations=49 (full 0):
 garbage-first heap   total 184320K, used 165423K [0x0000000080000000, 0x0000000100000000)
  region size 1024K, 56 young (57344K), 3 survivors (3072K)
 Metaspace       used 91969K, committed 94144K, reserved 1179648K
  class space    used 12918K, committed 13952K, reserved 1048576K
}
Event: 84.677 GC heap after
{Heap after GC invocations=50 (full 0):
 garbage-first heap   total 184320K, used 112488K [0x0000000080000000, 0x0000000100000000)
  region size 1024K, 4 young (4096K), 4 survivors (4096K)
 Metaspace       used 91969K, committed 94144K, reserved 1179648K
  class space    used 12918K, committed 13952K, reserved 1048576K
}
Event: 89.575 GC heap before
{Heap before GC invocations=51 (full 0):
 garbage-first heap   total 188416K, used 166760K [0x0000000080000000, 0x0000000100000000)
  region size 1024K, 58 young (59392K), 4 survivors (4096K)
 Metaspace       used 93596K, committed 95744K, reserved 1179648K
  class space    used 13170K, committed 14208K, reserved 1048576K
}
Event: 89.583 GC heap after
{Heap after GC invocations=52 (full 0):
 garbage-first heap   total 188416K, used 116854K [0x0000000080000000, 0x0000000100000000)
  region size 1024K, 8 young (8192K), 8 survivors (8192K)
 Metaspace       used 93596K, committed 95744K, reserved 1179648K
  class space    used 13170K, committed 14208K, reserved 1048576K
}

