# JRE version: OpenJDK Runtime Environment (21.0.9) (build 21.0.9+-14787801-b1163.94)
# Java VM: OpenJDK 64-Bit Server VM (21.0.9+-14787801-b1163.94, mixed mode, tiered, compressed oops, compressed class ptrs, g1 gc, windows-amd64)
GC Precious Log:
 CardTable entry size: 512
 Card Set container configuration: InlinePtr #cards 5 size 8 Array Of Cards #cards 12 size 40 Howl #buckets 4 coarsen threshold 1843 Howl Bitmap #cards 512 size 80 coarsen threshold 460 Card regions per heap region 1 cards per card region 2048
 CPUs: 8 total, 8 available
 Memory: 7455M
 Large Page Support: Disabled
 NUMA Support: Disabled
 Compressed Oops: Enabled (32-bit)
 Heap Region Size: 1M
 Heap Min Capacity: 8M
 Heap Initial Capacity: 118M
 Heap Max Capacity: 2G
 Pre-touch: Disabled
 Parallel Workers: 8
 Concurrent Workers: 2
 Concurrent Refinement Workers: 8
 Periodic GC: Disabled
Heap:
 garbage-first heap   total 209920K, used 134416K [0x0000000080000000, 0x0000000100000000)
  region size 1024K, 9 young (9216K), 8 survivors (8192K)
 Metaspace       used 106940K, committed 109376K, reserved 1179648K
  class space    used 15229K, committed 16384K, reserved 1048576K
GC Heap History (20 events):
Event: 53.495 GC heap before
{Heap before GC invocations=44 (full 0):
 garbage-first heap   total 158720K, used 144326K [0x0000000080000000, 0x0000000100000000)
  region size 1024K, 43 young (44032K), 3 survivors (3072K)
 Metaspace       used 81352K, committed 83456K, reserved 1179648K
  class space    used 11486K, committed 12480K, reserved 1048576K
}
Event: 53.510 GC heap after
{Heap after GC invocations=45 (full 0):
 garbage-first heap   total 158720K, used 104923K [0x0000000080000000, 0x0000000100000000)
  region size 1024K, 4 young (4096K), 4 survivors (4096K)
 Metaspace       used 81352K, committed 83456K, reserved 1179648K
  class space    used 11486K, committed 12480K, reserved 1048576K
}
Event: 56.886 GC heap before
{Heap before GC invocations=46 (full 0):
 garbage-first heap   total 181248K, used 148955K [0x0000000080000000, 0x0000000100000000)
  region size 1024K, 45 young (46080K), 4 survivors (4096K)
 Metaspace       used 84008K, committed 86080K, reserved 1179648K
  class space    used 11870K, committed 12864K, reserved 1048576K
}
Event: 56.915 GC heap after
{Heap after GC invocations=47 (full 0):
 garbage-first heap   total 181248K, used 108159K [0x0000000080000000, 0x0000000100000000)
  region size 1024K, 3 young (3072K), 3 survivors (3072K)
 Metaspace       used 84008K, committed 86080K, reserved 1179648K
  class space    used 11870K, committed 12864K, reserved 1048576K
}
Event: 59.318 GC heap before
{Heap before GC invocations=47 (full 0):
 garbage-first heap   total 181248K, used 172671K [0x0000000080000000, 0x0000000100000000)
  region size 1024K, 61 young (62464K), 3 survivors (3072K)
 Metaspace       used 87947K, committed 89984K, reserved 1179648K
  class space    used 12381K, committed 13376K, reserved 1048576K
}
Event: 59.331 GC heap after
{Heap after GC invocations=48 (full 0):
 garbage-first heap   total 184320K, used 113875K [0x0000000080000000, 0x0000000100000000)
  region size 1024K, 8 young (8192K), 8 survivors (8192K)
 Metaspace       used 87947K, committed 89984K, reserved 1179648K
  class space    used 12381K, committed 13376K, reserved 1048576K
}
Event: 63.296 GC heap before
{Heap before GC invocations=48 (full 0):
 garbage-first heap   total 184320K, used 170195K [0x0000000080000000, 0x0000000100000000)
  region size 1024K, 63 young (64512K), 8 survivors (8192K)
 Metaspace       used 90941K, committed 93056K, reserved 1179648K
  class space    used 12757K, committed 13760K, reserved 1048576K
}
Event: 63.319 GC heap after
{Heap after GC invocations=49 (full 0):
 garbage-first heap   total 184320K, used 118740K [0x0000000080000000, 0x0000000100000000)
  region size 1024K, 5 young (5120K), 5 survivors (5120K)
 Metaspace       used 90941K, committed 93056K, reserved 1179648K
  class space    used 12757K, committed 13760K, reserved 1048576K
}
Event: 66.302 GC heap before
{Heap before GC invocations=50 (full 0):
 garbage-first heap   total 198656K, used 170964K [0x0000000080000000, 0x0000000100000000)
  region size 1024K, 56 young (57344K), 5 survivors (5120K)
 Metaspace       used 94123K, committed 96320K, reserved 1179648K
  class space    used 13210K, committed 14272K, reserved 1048576K
}
Event: 66.308 GC heap after
{Heap after GC invocations=51 (full 0):
 garbage-first heap   total 198656K, used 120734K [0x0000000080000000, 0x0000000100000000)
  region size 1024K, 3 young (3072K), 3 survivors (3072K)
 Metaspace       used 94123K, committed 96320K, reserved 1179648K
  class space    used 13210K, committed 14272K, reserved 1048576K
}
Event: 69.906 GC heap before
{Heap before GC invocations=51 (full 0):
 garbage-first heap   total 198656K, used 183198K [0x0000000080000000, 0x0000000100000000)
  region size 1024K, 64 young (65536K), 3 survivors (3072K)
 Metaspace       used 98215K, committed 100416K, reserved 1179648K
  class space    used 13943K, committed 14976K, reserved 1048576K
}
Event: 69.910 GC heap after
{Heap after GC invocations=52 (full 0):
 garbage-first heap   total 198656K, used 120912K [0x0000000080000000, 0x0000000100000000)
  region size 1024K, 4 young (4096K), 4 survivors (4096K)
 Metaspace       used 98215K, committed 100416K, reserved 1179648K
  class space    used 13943K, committed 14976K, reserved 1048576K
}
Event: 72.466 GC heap before
{Heap before GC invocations=52 (full 0):
 garbage-first heap   total 198656K, used 173136K [0x0000000080000000, 0x0000000100000000)
  region size 1024K, 56 young (57344K), 4 survivors (4096K)
 Metaspace       used 101771K, committed 104000K, reserved 1179648K
  class space    used 14486K, committed 15552K, reserved 1048576K
}
Event: 72.471 GC heap after
{Heap after GC invocations=53 (full 0):
 garbage-first heap   total 198656K, used 123177K [0x0000000080000000, 0x0000000100000000)
  region size 1024K, 6 young (6144K), 6 survivors (6144K)
 Metaspace       used 101771K, committed 104000K, reserved 1179648K
  class space    used 14486K, committed 15552K, reserved 1048576K
}
Event: 75.966 GC heap before
{Heap before GC invocations=54 (full 0):
 garbage-first heap   total 209920K, used 186665K [0x0000000080000000, 0x0000000100000000)
  region size 1024K, 67 young (68608K), 6 survivors (6144K)
 Metaspace       used 106935K, committed 109376K, reserved 1179648K
  class space    used 15229K, committed 16384K, reserved 1048576K
}
Event: 75.973 GC heap after
{Heap after GC invocations=55 (full 0):
 garbage-first heap   total 209920K, used 129933K [0x0000000080000000, 0x0000000100000000)
  region size 1024K, 9 young (9216K), 9 survivors (9216K)
 Metaspace       used 106935K, committed 109376K, reserved 1179648K
  class space    used 15229K, committed 16384K, reserved 1048576K
}
Event: 77.772 GC heap before
{Heap before GC invocations=55 (full 0):
 garbage-first heap   total 209920K, used 195469K [0x0000000080000000, 0x0000000100000000)
  region size 1024K, 73 young (74752K), 9 survivors (9216K)
 Metaspace       used 106937K, committed 109376K, reserved 1179648K
  class space    used 15229K, committed 16384K, reserved 1048576K
}
Event: 77.783 GC heap after
{Heap after GC invocations=56 (full 0):
 garbage-first heap   total 209920K, used 131586K [0x0000000080000000, 0x0000000100000000)
  region size 1024K, 8 young (8192K), 8 survivors (8192K)
 Metaspace       used 106937K, committed 109376K, reserved 1179648K
  class space    used 15229K, committed 16384K, reserved 1048576K
}
Event: 81.077 GC heap before
{Heap before GC invocations=56 (full 0):
 garbage-first heap   total 209920K, used 195074K [0x0000000080000000, 0x0000000100000000)
  region size 1024K, 70 young (71680K), 8 survivors (8192K)
 Metaspace       used 106940K, committed 109376K, reserved 1179648K
  class space    used 15229K, committed 16384K, reserved 1048576K
}
Event: 81.086 GC heap after
{Heap after GC invocations=57 (full 0):
 garbage-first heap   total 209920K, used 134416K [0x0000000080000000, 0x0000000100000000)
  region size 1024K, 8 young (8192K), 8 survivors (8192K)
 Metaspace       used 106940K, committed 109376K, reserved 1179648K
  class space    used 15229K, committed 16384K, reserved 1048576K
}

