# JRE version: OpenJDK Runtime Environment Temurin-21.0.7+6 (21.0.7+6) (build 21.0.7+6-LTS)
# Java VM: OpenJDK 64-Bit Server VM Temurin-21.0.7+6 (21.0.7+6-LTS, mixed mode, sharing, tiered, compressed oops, compressed class ptrs, g1 gc, windows-amd64)
GC Precious Log:
 CardTable entry size: 512
 Card Set container configuration: InlinePtr #cards 5 size 8 Array Of Cards #cards 12 size 40 Howl #buckets 4 coarsen threshold 1843 Howl Bitmap #cards 512 size 80 coarsen threshold 460 Card regions per heap region 1 cards per card region 2048
 CPUs: 8 total, 8 available
 Memory: 7455M
 Large Page Support: Disabled
 NUMA Support: Disabled
 Compressed Oops: Enabled (32-bit)
 Heap Region Size: 1M
 Heap Min Capacity: 8M
 Heap Initial Capacity: 118M
 Heap Max Capacity: 1864M
 Pre-touch: Disabled
 Parallel Workers: 8
 Concurrent Workers: 2
 Concurrent Refinement Workers: 8
 Periodic GC: Disabled
Heap:
 garbage-first heap   total 370688K, used 256502K [0x000000008b800000, 0x0000000100000000)
  region size 1024K, 30 young (30720K), 14 survivors (14336K)
 Metaspace       used 85347K, committed 85824K, reserved 1179648K
  class space    used 8529K, committed 8768K, reserved 1048576K
GC Heap History (20 events):
Event: 32.332 GC heap before
{Heap before GC invocations=30 (full 0):
 garbage-first heap   total 247808K, used 217998K [0x000000008b800000, 0x0000000100000000)
  region size 1024K, 70 young (71680K), 9 survivors (9216K)
 Metaspace       used 52577K, committed 52992K, reserved 1114112K
  class space    used 5702K, committed 5888K, reserved 1048576K
}
Event: 32.347 GC heap after
{Heap after GC invocations=31 (full 0):
 garbage-first heap   total 247808K, used 163342K [0x000000008b800000, 0x0000000100000000)
  region size 1024K, 9 young (9216K), 9 survivors (9216K)
 Metaspace       used 52577K, committed 52992K, reserved 1114112K
  class space    used 5702K, committed 5888K, reserved 1048576K
}
Event: 34.502 GC heap before
{Heap before GC invocations=32 (full 0):
 garbage-first heap   total 273408K, used 221710K [0x000000008b800000, 0x0000000100000000)
  region size 1024K, 66 young (67584K), 9 survivors (9216K)
 Metaspace       used 55838K, committed 56256K, reserved 1114112K
  class space    used 6120K, committed 6272K, reserved 1048576K
}
Event: 34.513 GC heap after
{Heap after GC invocations=33 (full 0):
 garbage-first heap   total 273408K, used 168698K [0x000000008b800000, 0x0000000100000000)
  region size 1024K, 5 young (5120K), 5 survivors (5120K)
 Metaspace       used 55838K, committed 56256K, reserved 1114112K
  class space    used 6120K, committed 6272K, reserved 1048576K
}
Event: 42.185 GC heap before
{Heap before GC invocations=33 (full 0):
 garbage-first heap   total 273408K, used 246522K [0x000000008b800000, 0x0000000100000000)
  region size 1024K, 81 young (82944K), 5 survivors (5120K)
 Metaspace       used 60030K, committed 60480K, reserved 1114112K
  class space    used 6421K, committed 6592K, reserved 1048576K
}
Event: 42.198 GC heap after
{Heap after GC invocations=34 (full 0):
 garbage-first heap   total 273408K, used 176128K [0x000000008b800000, 0x0000000100000000)
  region size 1024K, 11 young (11264K), 11 survivors (11264K)
 Metaspace       used 60030K, committed 60480K, reserved 1114112K
  class space    used 6421K, committed 6592K, reserved 1048576K
}
Event: 45.077 GC heap before
{Heap before GC invocations=34 (full 0):
 garbage-first heap   total 273408K, used 244736K [0x000000008b800000, 0x0000000100000000)
  region size 1024K, 78 young (79872K), 11 survivors (11264K)
 Metaspace       used 61977K, committed 62336K, reserved 1114112K
  class space    used 6570K, committed 6720K, reserved 1048576K
}
Event: 45.094 GC heap after
{Heap after GC invocations=35 (full 0):
 garbage-first heap   total 273408K, used 186168K [0x000000008b800000, 0x0000000100000000)
  region size 1024K, 9 young (9216K), 9 survivors (9216K)
 Metaspace       used 61977K, committed 62336K, reserved 1114112K
  class space    used 6570K, committed 6720K, reserved 1048576K
}
Event: 49.836 GC heap before
{Heap before GC invocations=36 (full 0):
 garbage-first heap   total 311296K, used 247608K [0x000000008b800000, 0x0000000100000000)
  region size 1024K, 69 young (70656K), 9 survivors (9216K)
 Metaspace       used 67492K, committed 67904K, reserved 1114112K
  class space    used 7020K, committed 7168K, reserved 1048576K
}
Event: 49.858 GC heap after
{Heap after GC invocations=37 (full 0):
 garbage-first heap   total 311296K, used 197632K [0x000000008b800000, 0x0000000100000000)
  region size 1024K, 9 young (9216K), 9 survivors (9216K)
 Metaspace       used 67492K, committed 67904K, reserved 1114112K
  class space    used 7020K, committed 7168K, reserved 1048576K
}
Event: 52.288 GC heap before
{Heap before GC invocations=37 (full 0):
 garbage-first heap   total 311296K, used 275456K [0x000000008b800000, 0x0000000100000000)
  region size 1024K, 85 young (87040K), 9 survivors (9216K)
 Metaspace       used 70915K, committed 71296K, reserved 1114112K
  class space    used 7311K, committed 7488K, reserved 1048576K
}
Event: 52.310 GC heap after
{Heap after GC invocations=38 (full 0):
 garbage-first heap   total 311296K, used 210215K [0x000000008b800000, 0x0000000100000000)
  region size 1024K, 11 young (11264K), 11 survivors (11264K)
 Metaspace       used 70915K, committed 71296K, reserved 1114112K
  class space    used 7311K, committed 7488K, reserved 1048576K
}
Event: 54.009 GC heap before
{Heap before GC invocations=38 (full 0):
 garbage-first heap   total 311296K, used 277799K [0x000000008b800000, 0x0000000100000000)
  region size 1024K, 77 young (78848K), 11 survivors (11264K)
 Metaspace       used 72636K, committed 73024K, reserved 1179648K
  class space    used 7455K, committed 7616K, reserved 1048576K
}
Event: 54.026 GC heap after
{Heap after GC invocations=39 (full 0):
 garbage-first heap   total 311296K, used 221874K [0x000000008b800000, 0x0000000100000000)
  region size 1024K, 10 young (10240K), 10 survivors (10240K)
 Metaspace       used 72636K, committed 73024K, reserved 1179648K
  class space    used 7455K, committed 7616K, reserved 1048576K
}
Event: 55.607 GC heap before
{Heap before GC invocations=40 (full 0):
 garbage-first heap   total 370688K, used 281266K [0x000000008b800000, 0x0000000100000000)
  region size 1024K, 68 young (69632K), 10 survivors (10240K)
 Metaspace       used 76156K, committed 76544K, reserved 1179648K
  class space    used 7803K, committed 8000K, reserved 1048576K
}
Event: 55.623 GC heap after
{Heap after GC invocations=41 (full 0):
 garbage-first heap   total 370688K, used 228186K [0x000000008b800000, 0x0000000100000000)
  region size 1024K, 6 young (6144K), 6 survivors (6144K)
 Metaspace       used 76156K, committed 76544K, reserved 1179648K
  class space    used 7803K, committed 8000K, reserved 1048576K
}
Event: 58.847 GC heap before
{Heap before GC invocations=41 (full 0):
 garbage-first heap   total 370688K, used 324442K [0x000000008b800000, 0x0000000100000000)
  region size 1024K, 100 young (102400K), 6 survivors (6144K)
 Metaspace       used 79837K, committed 80320K, reserved 1179648K
  class space    used 8100K, committed 8320K, reserved 1048576K
}
Event: 58.861 GC heap after
{Heap after GC invocations=42 (full 0):
 garbage-first heap   total 370688K, used 233675K [0x000000008b800000, 0x0000000100000000)
  region size 1024K, 13 young (13312K), 13 survivors (13312K)
 Metaspace       used 79837K, committed 80320K, reserved 1179648K
  class space    used 8100K, committed 8320K, reserved 1048576K
}
Event: 61.059 GC heap before
{Heap before GC invocations=42 (full 0):
 garbage-first heap   total 370688K, used 335051K [0x000000008b800000, 0x0000000100000000)
  region size 1024K, 112 young (114688K), 13 survivors (13312K)
 Metaspace       used 85291K, committed 85760K, reserved 1179648K
  class space    used 8527K, committed 8768K, reserved 1048576K
}
Event: 61.078 GC heap after
{Heap after GC invocations=43 (full 0):
 garbage-first heap   total 370688K, used 241142K [0x000000008b800000, 0x0000000100000000)
  region size 1024K, 14 young (14336K), 14 survivors (14336K)
 Metaspace       used 85291K, committed 85760K, reserved 1179648K
  class space    used 8527K, committed 8768K, reserved 1048576K
}

